{"/Users/daltonwhyte/dalton-libera-closest-street-finder/src/config.js": {"path":"/Users/daltonwhyte/dalton-libera-closest-street-finder/src/config.js","statementMap":{"0":{"start":{"line":1,"column":12},"end":{"line":1,"column":23}},"1":{"start":{"line":3,"column":0},"end":{"line":8,"column":2}}},"fnMap":{},"branchMap":{"0":{"loc":{"start":{"line":4,"column":8},"end":{"line":4,"column":24}},"type":"binary-expr","locations":[{"start":{"line":4,"column":8},"end":{"line":4,"column":16}},{"start":{"line":4,"column":20},"end":{"line":4,"column":24}}],"line":4},"1":{"loc":{"start":{"line":5,"column":8},"end":{"line":5,"column":31}},"type":"binary-expr","locations":[{"start":{"line":5,"column":8},"end":{"line":5,"column":16}},{"start":{"line":5,"column":20},"end":{"line":5,"column":31}}],"line":5}},"s":{"0":1,"1":1},"f":{},"b":{"0":[1,1],"1":[1,1]},"_coverageSchema":"1a1c01bbd47fc00a2c39e90264f33305004495a9","hash":"83bd9bba3b450b5e0cde1d86d6061a33e63ed00a"}
,"/Users/daltonwhyte/dalton-libera-closest-street-finder/src/linear-equations.js": {"path":"/Users/daltonwhyte/dalton-libera-closest-street-finder/src/linear-equations.js","statementMap":{"0":{"start":{"line":1,"column":33},"end":{"line":7,"column":1}},"1":{"start":{"line":3,"column":12},"end":{"line":3,"column":25}},"2":{"start":{"line":4,"column":12},"end":{"line":4,"column":25}},"3":{"start":{"line":5,"column":12},"end":{"line":5,"column":61}},"4":{"start":{"line":6,"column":2},"end":{"line":6,"column":21}},"5":{"start":{"line":9,"column":23},"end":{"line":12,"column":1}},"6":{"start":{"line":11,"column":2},"end":{"line":11,"column":43}},"7":{"start":{"line":14,"column":26},"end":{"line":18,"column":1}},"8":{"start":{"line":17,"column":2},"end":{"line":17,"column":80}},"9":{"start":{"line":20,"column":32},"end":{"line":48,"column":1}},"10":{"start":{"line":21,"column":28},"end":{"line":21,"column":30}},"11":{"start":{"line":22,"column":2},"end":{"line":45,"column":3}},"12":{"start":{"line":23,"column":4},"end":{"line":33,"column":7}},"13":{"start":{"line":25,"column":26},"end":{"line":25,"column":76}},"14":{"start":{"line":27,"column":23},"end":{"line":27,"column":68}},"15":{"start":{"line":29,"column":6},"end":{"line":32,"column":7}},"16":{"start":{"line":31,"column":8},"end":{"line":31,"column":66}},"17":{"start":{"line":35,"column":4},"end":{"line":44,"column":5}},"18":{"start":{"line":38,"column":6},"end":{"line":43,"column":15}},"19":{"start":{"line":39,"column":27},"end":{"line":39,"column":50}},"20":{"start":{"line":41,"column":10},"end":{"line":41,"column":55}},"21":{"start":{"line":42,"column":10},"end":{"line":42,"column":31}},"22":{"start":{"line":47,"column":2},"end":{"line":47,"column":14}}},"fnMap":{"0":{"name":"(anonymous_0)","decl":{"start":{"line":1,"column":33},"end":{"line":1,"column":34}},"loc":{"start":{"line":1,"column":45},"end":{"line":7,"column":1}},"line":1},"1":{"name":"(anonymous_1)","decl":{"start":{"line":9,"column":23},"end":{"line":9,"column":24}},"loc":{"start":{"line":9,"column":35},"end":{"line":12,"column":1}},"line":9},"2":{"name":"(anonymous_2)","decl":{"start":{"line":14,"column":26},"end":{"line":14,"column":27}},"loc":{"start":{"line":14,"column":48},"end":{"line":18,"column":1}},"line":14},"3":{"name":"(anonymous_3)","decl":{"start":{"line":20,"column":32},"end":{"line":20,"column":33}},"loc":{"start":{"line":20,"column":52},"end":{"line":48,"column":1}},"line":20},"4":{"name":"(anonymous_4)","decl":{"start":{"line":23,"column":20},"end":{"line":23,"column":21}},"loc":{"start":{"line":23,"column":30},"end":{"line":33,"column":5}},"line":23},"5":{"name":"(anonymous_5)","decl":{"start":{"line":39,"column":14},"end":{"line":39,"column":15}},"loc":{"start":{"line":39,"column":27},"end":{"line":39,"column":50}},"line":39},"6":{"name":"(anonymous_6)","decl":{"start":{"line":40,"column":16},"end":{"line":40,"column":17}},"loc":{"start":{"line":40,"column":47},"end":{"line":43,"column":9}},"line":40}},"branchMap":{"0":{"loc":{"start":{"line":22,"column":2},"end":{"line":45,"column":3}},"type":"if","locations":[{"start":{"line":22,"column":2},"end":{"line":45,"column":3}},{"start":{"line":22,"column":2},"end":{"line":45,"column":3}}],"line":22},"1":{"loc":{"start":{"line":29,"column":6},"end":{"line":32,"column":7}},"type":"if","locations":[{"start":{"line":29,"column":6},"end":{"line":32,"column":7}},{"start":{"line":29,"column":6},"end":{"line":32,"column":7}}],"line":29},"2":{"loc":{"start":{"line":29,"column":9},"end":{"line":29,"column":47}},"type":"binary-expr","locations":[{"start":{"line":29,"column":9},"end":{"line":29,"column":25}},{"start":{"line":29,"column":29},"end":{"line":29,"column":47}}],"line":29},"3":{"loc":{"start":{"line":35,"column":4},"end":{"line":44,"column":5}},"type":"if","locations":[{"start":{"line":35,"column":4},"end":{"line":44,"column":5}},{"start":{"line":35,"column":4},"end":{"line":44,"column":5}}],"line":35},"4":{"loc":{"start":{"line":39,"column":27},"end":{"line":39,"column":50}},"type":"cond-expr","locations":[{"start":{"line":39,"column":44},"end":{"line":39,"column":46}},{"start":{"line":39,"column":49},"end":{"line":39,"column":50}}],"line":39}},"s":{"0":1,"1":5,"2":5,"3":5,"4":5,"5":1,"6":1,"7":1,"8":4,"9":1,"10":2,"11":2,"12":1,"13":3,"14":3,"15":3,"16":1,"17":1,"18":1,"19":0,"20":1,"21":1,"22":1},"f":{"0":5,"1":1,"2":4,"3":2,"4":3,"5":0,"6":1},"b":{"0":[1,1],"1":[1,2],"2":[3,2],"3":[1,0],"4":[0,0]},"_coverageSchema":"1a1c01bbd47fc00a2c39e90264f33305004495a9","hash":"04fa120b387f730b4d54a9e5998255fbc463b7d3"}
}
