TN:
SF:src/config.js
FNF:0
FNH:0
DA:1,1
DA:3,1
LF:2
LH:2
BRDA:4,0,0,1
BRDA:4,0,1,1
BRDA:5,1,0,1
BRDA:5,1,1,1
BRF:4
BRH:4
end_of_record
TN:
SF:src/linear-equations.js
FN:1,(anonymous_0)
FN:9,(anonymous_1)
FN:14,(anonymous_2)
FN:20,(anonymous_3)
FN:23,(anonymous_4)
FN:39,(anonymous_5)
FN:40,(anonymous_6)
FNF:7
FNH:6
FNDA:5,(anonymous_0)
FNDA:1,(anonymous_1)
FNDA:4,(anonymous_2)
FNDA:2,(anonymous_3)
FNDA:3,(anonymous_4)
FNDA:0,(anonymous_5)
FNDA:1,(anonymous_6)
DA:1,1
DA:3,5
DA:4,5
DA:5,5
DA:6,5
DA:9,1
DA:11,1
DA:14,1
DA:17,4
DA:20,1
DA:21,2
DA:22,2
DA:23,1
DA:25,3
DA:27,3
DA:29,3
DA:31,1
DA:35,1
DA:38,1
DA:39,0
DA:41,1
DA:42,1
DA:47,1
LF:23
LH:22
BRDA:22,0,0,1
BRDA:22,0,1,1
BRDA:29,1,0,1
BRDA:29,1,1,2
BRDA:29,2,0,3
BRDA:29,2,1,2
BRDA:35,3,0,1
BRDA:35,3,1,0
BRDA:39,4,0,0
BRDA:39,4,1,0
BRF:10
BRH:7
end_of_record
